<?xml version="1.0" encoding="UTF-8"?>
<robot generator="Robot 5.0.1 (Python 3.10.7 on win32)" generated="20230127 18:03:56.060" rpa="false" schemaversion="3">
<suite id="s1" name="AddEquiposTests" source="C:\Rocklov\backend\tests\AddEquiposTests.robot">
<test id="s1-t1" name="Add New Equipo" line="7">
<kw name="Get Token" library="Helpers">
<var>${token}</var>
<arg>gama@gama.com</arg>
<arg>pwd123</arg>
<kw name="Create Dictionary" library="BuiltIn">
<var>&amp;{payload}</var>
<arg>email=${email}</arg>
<arg>password=${password}</arg>
<doc>Creates and returns a dictionary based on the given ``items``.</doc>
<msg timestamp="20230127 18:03:56.495" level="INFO">&amp;{payload} = { email=gama@gama.com | password=pwd123 }</msg>
<status status="PASS" starttime="20230127 18:03:56.494" endtime="20230127 18:03:56.495"/>
</kw>
<kw name="POST Login" library="Sessions">
<var>${response}</var>
<arg>${payload}</arg>
<kw name="POST" library="RequestsLibrary">
<var>${response}</var>
<arg>${base_url}/sessions</arg>
<arg>json=${payload}</arg>
<arg>expected_status=any</arg>
<doc>Sends a POST request.</doc>
<msg timestamp="20230127 18:03:56.623" level="INFO">POST Request : url=https://rocklov-api-gama.fly.dev/sessions 
 path_url=/sessions 
 headers={'User-Agent': 'python-requests/2.28.1', 'Accept-Encoding': 'gzip, deflate', 'Accept': '*/*', 'Connection': 'keep-alive', 'Content-Length': '48', 'Content-Type': 'application/json'} 
 body=b'{"email": "gama@gama.com", "password": "pwd123"}' 
 </msg>
<msg timestamp="20230127 18:03:56.623" level="INFO">POST Response : url=https://rocklov-api-gama.fly.dev/sessions 
 status=200, reason=OK 
 headers={'x-powered-by': 'Express', 'access-control-allow-origin': '*', 'content-type': 'application/json; charset=utf-8', 'content-encoding': 'gzip', 'etag': 'W/"29-rLv7mT2QI56DUU1ARsBRES72Rhw"', 'date': 'Fri, 27 Jan 2023 21:03:55 GMT', 'connection': 'keep-alive', 'keep-alive': 'timeout=5', 'transfer-encoding': 'chunked', 'server': 'Fly/3d083d3e (2023-01-26)', 'via': '1.1 fly.io', 'fly-request-id': '01GQTGPJ8YCHZQQGQRA7K2TRSR-gru'} 
 body={"user_token":"63d1ac6fccf31e021bc08418"} 
 </msg>
<msg timestamp="20230127 18:03:56.623" level="INFO">${response} = &lt;Response [200]&gt;</msg>
<status status="PASS" starttime="20230127 18:03:56.495" endtime="20230127 18:03:56.623"/>
</kw>
<msg timestamp="20230127 18:03:56.624" level="INFO">${response} = &lt;Response [200]&gt;</msg>
<status status="PASS" starttime="20230127 18:03:56.495" endtime="20230127 18:03:56.624"/>
</kw>
<kw name="Set Variable" library="BuiltIn">
<var>${user_token}</var>
<arg>${response.json()}[user_token]</arg>
<doc>Returns the given values which can then be assigned to a variables.</doc>
<msg timestamp="20230127 18:03:56.625" level="INFO">${user_token} = 63d1ac6fccf31e021bc08418</msg>
<status status="PASS" starttime="20230127 18:03:56.624" endtime="20230127 18:03:56.625"/>
</kw>
<msg timestamp="20230127 18:03:56.625" level="INFO">${token} = 63d1ac6fccf31e021bc08418</msg>
<status status="PASS" starttime="20230127 18:03:56.494" endtime="20230127 18:03:56.625"/>
</kw>
<kw name="Get Json" library="Helpers">
<var>${equipo}</var>
<arg>equipos</arg>
<arg>fender.json</arg>
<kw name="Get File" library="OperatingSystem">
<var>${fixture}</var>
<arg>${EXECDIR}/resources/fixtures/${route}/${file_name}</arg>
<doc>Returns the contents of a specified file.</doc>
<msg timestamp="20230127 18:03:56.627" level="INFO" html="true">Getting file '&lt;a href="file://C:\Rocklov\backend\resources\fixtures\equipos\fender.json"&gt;C:\Rocklov\backend\resources\fixtures\equipos\fender.json&lt;/a&gt;'.</msg>
<msg timestamp="20230127 18:03:56.628" level="INFO">${fixture} = {
    "payload": {
        "name": "Fender Strato",
        "category": "Cordas",
        "price": 100
    },
    "thumb": "guitarra-strato.png"

}</msg>
<status status="PASS" starttime="20230127 18:03:56.627" endtime="20230127 18:03:56.628"/>
</kw>
<kw name="Evaluate" library="BuiltIn">
<var>${json}</var>
<arg>json.loads($fixture)</arg>
<arg>json</arg>
<doc>Evaluates the given expression in Python and returns the result.</doc>
<msg timestamp="20230127 18:03:56.633" level="INFO">${json} = {'payload': {'name': 'Fender Strato', 'category': 'Cordas', 'price': 100}, 'thumb': 'guitarra-strato.png'}</msg>
<status status="PASS" starttime="20230127 18:03:56.628" endtime="20230127 18:03:56.633"/>
</kw>
<msg timestamp="20230127 18:03:56.633" level="INFO">${equipo} = {'payload': {'name': 'Fender Strato', 'category': 'Cordas', 'price': 100}, 'thumb': 'guitarra-strato.png'}</msg>
<status status="PASS" starttime="20230127 18:03:56.626" endtime="20230127 18:03:56.633"/>
</kw>
<kw name="Remove Equipo" library="mongo">
<arg>${equipo}[payload][name]</arg>
<status status="PASS" starttime="20230127 18:03:56.634" endtime="20230127 18:03:56.783"/>
</kw>
<kw name="POST Equipos" library="Equipos">
<var>${response}</var>
<arg>${equipo}</arg>
<arg>${token}</arg>
<kw name="Create Dictionary" library="BuiltIn">
<var>&amp;{headers}</var>
<arg>user_token=${token}</arg>
<doc>Creates and returns a dictionary based on the given ``items``.</doc>
<msg timestamp="20230127 18:03:56.785" level="INFO">&amp;{headers} = { user_token=63d1ac6fccf31e021bc08418 }</msg>
<status status="PASS" starttime="20230127 18:03:56.784" endtime="20230127 18:03:56.785"/>
</kw>
<kw name="Get Binary File" library="OperatingSystem">
<var>${bin_image}</var>
<arg>${EXECDIR}/resources/fixtures/equipos/thumbnails/${equipo}[thumb]</arg>
<doc>Returns the contents of a specified file.</doc>
<msg timestamp="20230127 18:03:56.785" level="INFO" html="true">Getting file '&lt;a href="file://C:\Rocklov\backend\resources\fixtures\equipos\thumbnails\guitarra-strato.png"&gt;C:\Rocklov\backend\resources\fixtures\equipos\thumbnails\guitarra-strato.png&lt;/a&gt;'.</msg>
<msg timestamp="20230127 18:03:56.802" level="INFO">${bin_image} = \x89PNG

IHDR\xfa\xfa\x88\xecZ=sRGB\xae\xce\xe9	pHYs\xc4\xc4\x95+ IDATx\x9c\xec\xbd\xc9\x93eY~\xe7\xf5\xf9\x9ds\xee\xf0F\x9f=&lt;\xc2c\x8e\xc8\xb92\xb3\xb2\xe6\x92T\...</msg>
<status status="PASS" starttime="20230127 18:03:56.785" endtime="20230127 18:03:56.802"/>
</kw>
<kw name="Create Dictionary" library="BuiltIn">
<var>${thumbnail}</var>
<arg>thumbnail=${bin_image}</arg>
<doc>Creates and returns a dictionary based on the given ``items``.</doc>
<msg timestamp="20230127 18:03:56.804" level="INFO">${thumbnail} = {'thumbnail': b'\x89PNG\r\n\x1a\n\x00\x00\x00\rIHDR\x00\x00\x00\xfa\x00\x00\x00\xfa\x08\x06\x00\x00\x00\x88\xecZ=\x00\x00\x00\x01sRGB\x00\xae\xce\x1c\xe9\x00\x00\x00\tpHYs\x00\x00\x0e\xc4\x00\x00\x0e\...</msg>
<status status="PASS" starttime="20230127 18:03:56.802" endtime="20230127 18:03:56.804"/>
</kw>
<kw name="POST" library="RequestsLibrary">
<var>${response}</var>
<arg>${base_url}/equipos</arg>
<arg>data=${equipo}[payload]</arg>
<arg>headers=${headers}</arg>
<arg>files=${thumbnail}</arg>
<arg>expected_status=any</arg>
<doc>Sends a POST request.</doc>
<msg timestamp="20230127 18:03:56.991" level="INFO">POST Request : url=https://rocklov-api-gama.fly.dev/equipos 
 path_url=/equipos 
 headers={'User-Agent': 'python-requests/2.28.1', 'Accept-Encoding': 'gzip, deflate', 'Accept': '*/*', 'Connection': 'keep-alive', 'user_token': '63d1ac6fccf31e021bc08418', 'Content-Length': '115312', 'Content-Type': 'multipart/form-data; boundary=737693d693248d207e226667acef134a'} 
 body=b'--737693d693248d207e226667acef134a\r\nContent-Disposition: form-data; name="name"\r\n\r\nFender Strato\r\n--737693d693248d207e226667acef134a\r\nContent-Disposition: form-data; name="category"\r\n\r\nCordas\r\n--737693d693248d207e226667acef134a\r\nContent-Disposition: form-data; name="price"\r\n\r\n100\r\n--737693d693248d207e226667acef134a\r\nContent-Disposition: form-data; name="thumbnail"; filename="thumbnail"\r\n\r\n\x89PNG\r\n\x1a\n\x00\x00\x00\rIHDR\x00\x00\x00\xfa\x00\x00\x00\xfa\x08\x06\x00\x00\x00\x88\xecZ=\x00\x00\x00\x01sRGB\x00\xae\xce\x1c\xe9\x00\x00\x00\tpHYs\x00\x00\x0e\xc4\x00\x00\x0e\xc4\x01\x95+\x0e\x1b\x00\x00 \x00IDATx\x9c\xec\xbd\xc9\x93eY~\xe7\xf5\xf9\x9ds\xee\xf0F\x9f=&lt;\xc2c\x8e\xc8\xb92\xb3\xb2\xe6\x92T\xa6\x81F\xea\xc6\xa4\x16F\x83\x19\xcd\x02c\xc3\x02C\xac\xf8\x07X\xb0\x83\x1d\x1bV\xddm\x86\x01&amp;3\xc0\x84Z\x08u#\xa4\x96Z]UR\x95RU\xa9\xaa\xcc\xca9+"2&amp;\x0f\x9f\xdft\xef\x19~,\xce}\xee\x91)\xa9\x0136(\xf3\x84=s\xf7\xe7\xf7\x86\xbf;\xfc\xa6\xef\xf7\xfb\xfb]\x01\x94\xcf\xd7\xff\xcd\x12\xa0\x07f\x05\xcc:\xd8\x1dV\xaa\x97x\xf5\xd9\xff\x90\xaf\xff\xeaK|\xeb\x96\xf2\x8c\x9b\xb0!\x1f\xd1\x97?\xc7\xc9\xfbX\x0e0,\x10&lt;\xaa-1\xce\x99-\x02m\x13\xf0Qq\x02\xc6\x80\xb5\x16U\xc5X\x831\x82\x8a\x10R\xa2m\x94\xc9i\xe2\xe8(r\xffI\xe2\xe3G\x9e;\x8f\x16|\xf8\xa8\xe1\xfe\x89\xe7\xc9\xdc\xd3\x04\xc5JB\x888Q\x9c\x82C\x10+$\x84y\x12&amp;Q\x99i$)Xc\xb1\xdd\xf18cY\xe1:{\xcf\xfeg\x1c\x9c&gt;@g\xef\xc3\xecC\xf0\x0fA\xe7\x80\x01;\x02\xb7\x06\xc5&amp;\x0c\xae\x03\x16\x16{\x10\x0e!\x9cB\x9cA\x9a\x81NA=h\x0b4\x80&gt;uW\x99\xbc\xdf\xf2\r\x91\xeeg\x03\x9a\x80p~\x8a\x91\xbf\xf9n\x14@\x03\x88\x05\xed6R\x0b\xa2 \x8e\xaa\xbf\xcb\xee7\xbf\xc9\x0b\x7f\xd7\xf1o\xdf\xdc\xe2\x7fz\xe3/x{:g~m\x85zPs\xa9\x18\xf0\xb5z\x936$\xfe\xe4\x7f\xff#\xe2z\x8f\xc5N\x85\xb3\x96/l\x0cxy\xb4\xce/V;\\\x1f\x8eic@e\xce\x85\xf5\xc4\xe0\xf2\x10\x19m\x81\xf48&gt;h\xf8\xc1\xbb?\xe6\xc9\xe1\x9c\xfb\xc9S\xc4\x12g\n,0C\tj\x11\x8d\x1c\xea\tAS\xfelX\xc6T\\t}T\x85\xd34\xe1\xab\xbd\x19_\xba6B\xb6.\xf3\xbb\xaf\xff\x98\xdf\xf8O\xff\x0f\x1e~t\x1fD\xd1\x940\xc6\x91\xa2\xc7\x18\x88\n\xd6\x96\x88)\x11c &amp;p\x0e\xe7\x1c\xaa\x91\xba\xdf#F%\xc5\x08(e\xaf \xaa\xe2\xaa\nW\x14\xd8\xaa$\x86\x88\xfb\xff\xca\x14\xfe\xf6\xae\xeeF\x95\x02(\xc1\xac0(or\xed\xf2\xdf\xe5\xf9o\xdc\xe6\x85\xeb\xc2E\x13\xa88D\xb8K\xd4}\x849I\xe7Hg\xe8\xa2JHB\x1b\x95\xc9Bi\x9a\x08\tJ\x03\xb5S\x8c\x05u\x11c\x051\x86\xa8\xca\xbcI\xcc\x1ae2\r\x9c\x9eF\x8e\x8e&lt;\x07\'\x81\xe3Yd\xda\x04BL \t\x11\xc5B6tQ,\x02"D,Q\x95\xa4\tT\x00%i\x04\x04\'\x16\x8d\x061\'\x8c\xa7\x07\x1ch\x84\xe4\xc9F\x97&gt;u\xfc\tR\x03a\x02\xe5&amp;\xd8~6p\xb3\x80d\xc8\xc6i\xbb}\x97\xdfw\xfb\x9d\xbd\x9e:\x97\xfa\xf4\xef\xb43\xf0\xa7\xd7\xf2\x8dO}\x0e\x05\xa4\xc2V\x03RT4\x04\xb0=\x90\x02I\xcax\xfb:\xa3\x17\xfb\xc8\xca\x9c\xff\xf9\xc1;\xfc\xf4\xc9\x828\x16\xf0\x91!\xca\x8e+\xd82%W\x87c\x1e\x7f\xeb\x8b\xbc\xf7\xf1}\xfa\x83\x92"6\xdc?\x99q\'4\xbcU\xee\xf3\xf7\xd35\x9e\xef]$1\xe4\xf1\xa3C\xd6\x8e\xf7\xd8\xdd\x9c\xd0\xdf\x181\x1e\x8e\xf8\xd6W^\xe5\xf8p\xc2\xbd\x87\x8f\xd9;\x9eq\x7f\xba\xe0a3\xa7\xa0\xc7PJ&lt;\r\x15\x8eH\xc2\xaaP\x89\xc1\x8aa/5\xc4\x14\x18\xca\x82\xad\xdaa{\x05w\x8f\xa6\xfc\xa3?\xb8\xc3\xc3\x8f\xee\xa2);&lt;c\x1dIC\xf6\x87\x805B\n\r\x98\x885\x0e!"\xd1\x82\x94\xa4\x90hR\xa4\xee\x0fiR"\x06\x8ft\xd7\xd87\x91T\x16TI1\xc6|n\xe8\xff\xfa%\x80\x03)A\xfa`W\xa9\xaa[\xec^\xf8\x15n\xbd\xf8\x1a\x97o\xf6\xd8v\x81\x8ac\x9c\xee\xa3r\x82gA\x8c\rI\x031\xb6\xa0-\x06E\xa3\xd2$hS\xe2t\x9ahg\x8a\x03\xfaE\xa2\xaa\r8p\xce 6G\xdfE\xab\x9c\x9cF\x8eO\x13\xc7\xc7\x91\xa3I\xe4h\x1a9i#MJ(\x8aA1\nNr$wF\x10\x11B\x02\xafJTE\xbb\x10)t\x01F\xc0 \x14F\xe9\x15B\xa1\xc7\xa8\x1a\xd0\x98_\xcb\xed\x85\xbcoJ`"\x8498\x0f\xc5\x00\xd2)D\xd79?\x07\xc6A\nd\x87\x18\xbb\x88k\xbas\x98\x80\xd8}\x82\xe5{\xcb\xe8\xbe\x0c\xdfr\xfeU\xcc\xf9\xef\xcf2\x83\xe5g2\xb8\xc1\x1a\x1aJ\xfc"\xa2\xb6F\xbc\xa7\x1e;\xb6_\xbe\xcc\xee\x95\xc0\x17G#\xfe\xc5\xeb\xf7i\x0f\x1ap\x069\x0e\xcc\x8a\x96\x037\xe7\x89[ \xdercm\x83\xc1\xb0\xcf\xcdr\xc8G\xf7\x1f\xf2\xe3\xc9}\xaa\xda\xf1\xe6\x93\x13\x92\x7f\x9bo\x8c\x8f\xf9\xfa\xdasl\x8f\x9f\xe3\xdd\xd9!\xc7\xf7\x0eYy\xbc\xcf\xd6\xfa!\xe3\xcd\x1ek\xfd\x1ek\xcfo\x92B\xcdO\x1f\x1c\xf3\xc6\xc3\x07\xecM\x1a\x9coA\x15\x89\xe0\x8cE\x11\x1c\x96\x91\x94\x88X\xee\xa5\'\xfc\xdc\xc0ru{H\xea\r\xf9\xd1;\xfb\xbc\xfd\x07\xef\x92R\x8b\xc1\xa0\x9aO\x9dtNP\xc4\x92R\xcc\xe70)b\x84\x94\x02\x85\x00\xc1c\xc5@\x0c\x84\xc5\x0ck\x1cI\x04\x15\x03\x9a\x1d\xbe\xa4|\xfd4}\x1e\xd1\xff\x86\xb5\xbc\xf1,"5*+`\xb6\xa8\x8b\xe7\xb8\xba\xf5\xab\xbc\xf8\xf2\xcf\xf1\xdc\xcbk\xdc\\\t\x8ct\x8a\xd3C\x92\x1c\xd1\xa69\xaa\x1e\x92\'\x85\x9c\xa6\x07\x1f\xd0\x94\x081\xe1=\x84 \x1cO\x85\x93\'\x01\x8dJ\xe5\x04\xe7\xa0\xdf\xb7\xf4z\t\xeb E\x98\xce\x95\xa3\x1388L\xec\x1fE\x8eg\x81\xd3&amp;0\xf3\x81\x10#\xaa\x8a\x15\xc5\x89P \x18\xe4\xecF\x01\x83\xaa\x92:\x03\xb1"g\xd9\xae`\xb0"\xac\xd5%\xd7\xd6\x86LF\r\x9c\x8c\x111\x9dS\xc8\xc6\xa89W\xce\xe9\xb5\xa6l\xc8\xb1A\xdc\x18u\xab\xe0\x179\x95\xb6\x1eb\x04I\xe7\xdb\xd3\xdd\x9c\x18\xce#\xb3y\xea\xbc*\xe7F\xfcTH\x17\xd3\xa5\xe8O\xe7\xef\xdd\xb6\x08\xaa\x01?\x99\xe2z#\x8a\xf1\x10\xaf\x0e\x99\xce\xb8\xfa\xdc6\xaf\xfc\x9d\r\xb6\xd6&amp;\xd4F\xf0\x95\x90z\x825\x051F*\xcd\x91\xf1Q\x9cS\xe0Xu5W\xcd\x80\xddj\xc8\xcd+\xab\\9\xddb0\xec\xf1\xfb\xfe\xc7|\xf8\xde\x03\x8e\xd7=w}\xe4\xe7\xd6\x16\xbc2\xba\x81\x1d_\xe2\xde\xe1=\xde\xbd\xfb\x90\xfa\xe1}.\x0f\x1cW\xd7\x0b\x06[\xeb\\\xbf\xbc\xc9\x85\xed\x9b&lt;9Ypt"|\xff\xdeG\xcc&amp;sNU\xd82}6\xa4d\xcd\rx\xec\x1b,-\xdbe\x0f3\xb4&lt;\x9e\x05\xfe\xe4\x07w\xd8\xbbs\x88\x11\x9b\xcf\x9b\x08\xaa\x11M\x11\x11\xd3%&lt;\x06\xe9\xae\x9f\xa6\x84\x88%$\xa5,Mv\xd0\x08\x9a\xc0X\xa1(K\xac\xb1\x18g\x90\x04*\x8a\x150\xd6~n\xe8\x7f\xfd\xeaB\x1f\x0ee\x00f\x87\xa1{\x91\xab\x9b\xff\x16\xcf\xbd\xf2\xf3\xbc\xf8\xd5U\x9e\xd9V\xb6\xed\x9c~\x9a@:\xc4sD\x88\xc7D\x9d\xa1\xc1\xe3\xdbH;OL\xa7\x91f\x1eX,"\xf3\x19\x84\x10\xd1(LN#\x8by\x04\x15RTz\x95\xb0\xb9\xe6\x18\x0e,1)\xd3\x85r2\x81\xa3\x93\xc0\xe1$p&lt;\x0bLZe\x11#&gt;%\x84\xec\xb5\xad&amp;\x8c\x11\xacHW\xe2\n)\x81\xea2\x82\xa6\xce\x94\x0c"Je-\x17z\x15\xb76\xd7\xb8\xb82b_=\xc6\x16\xa4\xd8p\x1eu-|\xe2\xd6P Bls\xc4.V:C\x8f\xd9\xd85\xe5\xc8\xaf\x91\x9c\xc2\xc7O\x9d\xc7\xa7\xa3yz\xeaw\xcb\xb5\xdc\xa6{_?\x9d\xd2w\xfb\'H~N*=\xe3\x8b}\x8a\xcbCzO\xd6X\xbf\xb6\xce\xd4\xdc\xa7g\x12\x1f\xdc=ar:\xa5X-\x88\x03C\xbfo\x19VB\x9b\x02\xa7\xea\x99\xe0q\xc1\xb2\xea\nR\x12\xb6\xabU.\xf57\xd8\xa8j.\x99\x15\xfe\x97\xc9\x9f\xf2$\x1d\xf3\xfeb\xca\xbd\xfb?\xe4p}\x9fo\xad\xbd\xc4\xad\xd1%\x0e\xd36\xdf?x\x87\xef\x1c\xdf\xe5\xda\x93\xc0\xd7\x1e\xcc\xb8yaJos\xcc\xb5\x8d\x1e\x97\xb7\x86\\\xdcy\x96\x83\xe3\x86\x1f?\xb8K8Z0L\x96\x0b\xf5\x18k\x0ey\xd6\x17\\\xde\xea\x11\x0b\xc7\x1bw\xf6\xf9\xf6\x1f\x7f\xc4l\xe21j@,I\xf3\xf9\x12c0\xc6RW5\x8b\xc5\x1c#\x96\xa4 \xc6`\xad\xa5i=*\x16W\xd5\x88\xb1\xb8\xb2@\xac!i\xa2\xb0\x16\xe3,\xa1\x898\x9b\x1dD\x8a|n\xe8\x7f\xf3*@\xc6\x18w\x91\xa1{\x81+\x1b\xbf\xc6\xad\x97~\x96\xdb_Z\xe3\xf6\x05\xe5\x82k\x18\xea\x8c\x81\x1eRp\x08\xe9\x04\x1fO\t~A\n\x81E\x13\x99M\x12\xa7\'\x89\xd3\x93\xc8\xe9\x89\xe7\xe482\x9dF\xc4\x02bh\x1a\x8f\x0f\t\xdf@J\x89\xed\x03\xcb\xeeV\x85\xb50\x99G\x8e&amp;\xca\xe9,pt\x128\x99%fM \xc5D\xd2\x88\x13\xc1\x91]\x915`D1\xc6\x12\x978\x15 9~\x93\xd3@\xc1Y\xc7v\xaf\xe2\x85\x9dU\xael\xac\x025\xa7\x8b\x02\xa3\x81\xa4&gt;\xef(\x86|[t\x11x\x99^\xabB\xf2h\x9a\x82\xac@9\x84x\x02\xc9\x92A\x06\xe1\xaf\x8d\xda\xd0\xd5\x01\xcaym\xbe4z\xf8\xa4E\xeb\xa7\xbe\n\x9fp\x02K\xc0\x8e\x12#B\x8f\x05C3\xa7\xb7\x981\x9f\x17\x8c\xd6Vx4\x8d\xc4I\x83\xac\xf6\xe9\xd5JC"\xf8\x80w-\xce\x0e(\x92\x82\x8d\x94b\xe8u@\x1a!R\x96p\xab\xbf\xc2\x7f\xf4\xe2\xcf\xd0X\xe5q\x9c\xf1{o\x7f\x97?4wh\xc4\xf1L\xb5\xc3\xb5\xde\x05~\xf9\xda79Z\xbc\xc0\xbf|\xf0:\xff\xdd\xc1}\x9e\x9d4|\xed\xc1\x11W\xd6\x86\x0c\xb7{l\xad\x0c\xd9\xbc\xe8\xb9\xb1s\x89\xc5l\xcc\xe3\x8f\x8fx\xf8h\xc2jlx\xa6\x10\xca\xb5\x1e\x0ff\x89\x7f\xf1\xbd\xfb\xdcyw\x8e\x95\x8aTJ&gt;#);Aks\x14\x8fj0\xb6\xc2\x08XS`\x9cC\xc4`\\"\x89\x82\xc9\x0e \n\x14F\x18\x8dWX4s\\Q\xe2z\x8a\x11\x83+\n\xe6\xf3\x05\x16\xf8/\xfe\xdf\x1b\xc1\xdf\xe6%@\x1fd\x8b\xca\xdef\xdb}\x89+\x1b\xbf\xca\xb3\xaf\xfd"\xb7\xbf\xbe\xca3\x97\x84]7g\x8dS\x06zD\xa5\x8fA\x0f1&lt;!\xe9\x011\xcdh\x9b9\xa7S\xcf\xc9\xa9\xe7\xe4\xc8\xb3\x7f\xe8\xd9;hy\xb0\xd7\xf2\xf1\xa1\xe7\xf1Q\xcb\xd140Y(\xa7se\x7f\x12x|\xdar0\x89\xf86\xd1\xfa\xc4\xf1$\xb2w\x1c\xd8\x9f\x06\xf6\xa7\x89\'\xf3\xc0\xb1o\xf1)"(\xa5\x18\nQ\n#\x94F(\x8c`\xc5\x90R\xae\xde\xbd\x9a\xb3\xb8\xea\xc4P\xd9\x82\xddA\xc5\xab\x97Vy\xf6\xf2:\xbd\xaa\xcf\xf1\xd1\x90\x0f\x9agy\xd7\'h\x1eB\x9cd\xe4\\:`\x8d\x8c\x1ac\xaa\x0c\xc2\xd9*\xe3\x158\xd0\x80\xc4\x19\xa4\xb6\xab\xcf\xcfSl\xc8@a\xb6Q\x01]\xd6\xdd\x9f\x02\xe6\xce\x1c\xc3\xd3\x86\xfc\xb4\x13\x80O:\x02\x01*T\x1d\xed\xd1\x14}0as\xd3!\xcfD\xe2\xb5\x02\xed9\x8e{\x96\x89\x13.^\x1c1\xfd\xc9\x11)\x1a\xe6)\xd24\x81\x85m\x98\xbb\xc0\xba\xad\xb8 5j\xa1Dh5\xa2\x9a\xb0\xc92\xaaj^\xdc\xd8\xe5\xd5\xcd\xeb\x14\xd6\xf1\xee\xfc\x88\x8d\xaa\xe2\xa3f\x8f\x8f\x16\xf7\xb9(\x05[\xf5:_\xbd\xf8\x1a;\xc56\xde\x07^\x9f\x1d\xf2\xd1\xd1\t\x93\xfd\x96\xea(bgGTvF=\x0c\xac\xef\\\xa4r\x05\xc3\xe9#._\xd9A\x07\r\x7f\xf6\xe0\x98\x7f\xfc;\xef\xf2\xe4n\x83)*\x9c\xad\xb1\xcea\x8b\x12\xe3\n\x10\x83X\x83\xf7\x01\xe7\xca.\x9a[\xc4\x1a\x8c+\x08mK=\xe8S\x0ej\\]\xa0!\x81B\xeb=\xf5\xa0\xcf|2\xc7\x15\x0e\x10\xda6\xa0\x1d\xdb\xf2\xb9\xa1\x9f-\x01\xe9c\xcde\xd6\xdc-v\xcb\x97\xd9\xde\xfc;\\\x7f\xe5\x9b&lt;\xfb\xf51\xcf\xef\xc2\x95r\xc1\x9aL\x18\xc91=\xdd\xa7\x92}D\xf7\x89\xf1\x80\xa69\xa2YL\x995\r\x93i\xc3d\xe29:\xf4\x1c\x1c\xb4\xec\xed\xb7\xec\x1d\xb6\x1cL&lt;\xc7\xb3\x86\xc3\x99\xe7d\x1e\x99\xb6\xca\xd1\xc2\xf3d\xd6p\xd2\x06\xa6M\xa4i\x95E\x10\x8e\xa6\xca\xc1,\xb27\x0b\x9c\x84\xc0"\x05\x92*V\x0c\x85XJc(,\x94\xce\xe0\xac\xe9\xb2^CH\x065\x16$\xa7\xf4\xbd\xc2qy\\\xf2\xca\x951\xcf\\^\xa3p=\x1e\xed;&gt;|8\xe2\xa7\xe6\xcb&lt;N\xc7\xd0&lt;\xcaT\x19m\x87\xdcv\xe9\xb3T\x19\xdd6\x030\xbdl\xf0b;?\x103\x02\xaf]M.Kc\xfe\xb4Q?\x15\xdd\x81\xf3\xf2\xc0\xfcU;V=\xaf\xd5?\xfd\x7f\x08\xdd~\x1e\x8dsT\x0c\xab\xbb;\xe8s\x81j\xa7F\xc5\xe0\x8d #G(\x0c\xc9\nea(\xaa\x02\xa3\t\x8d\x89\xa2p\xac\x16\x05S\x8d\x0cp8U\xfa\xce\x11\x92\xb2\xd9\x1b3,\xfb8c1\xaa\xec\x94c\xbe9\xba\xcen\x7f\x9b\x89\x16|\xef\xf8c|\x9c\xe2g\xc7\x10\x16\\\xdd\xbe\xc4KW\xbf\xc0\xb3\xab\x97\x98\x01\x1f\xf89?89\xe4\xf1\xe1\t\xfe0\xd2\x0f\x91zX0X\x1f\xb0\x12\xe6\xb0\xd6r\xca\x88\xdf\xfe\xd3\x0f\xf9\xb3\x1f\x9cb\x82P\x8cJ\xea~E1\x1e`\xfb\x15\xb6,)\xea\x12c\x0c\xd6\x18R\x12\x9c+2\n/\xd99\x1akII3\xb3(\x19\x84M&gt;\xa1\x01\x86\xab}@1\x18\xa2\xc2`\xdc\xfb\x1cu\xff\xe4\x12\xa0\x06\xd9\xa0\'\xdbl\x98\xab\xac\x8d_\xe3\xe2s_\xe6\xd9\xaf\xac\xf2\xd2\x15\xc3\x95b\xc1\xaaN\xe9sJ\xa9\x87\x14\xe6\x10e\x9f\xc4!\x1a\xa6\xa4\xb8\xc0\xb7-\xbe\r4\xf3\xc4\xf4409\x8d9u\x9f\x04\xe6M$\x04\xcf\xa2\xf5\xccc"\x8aE\x8c#jb\x1e&lt;!xf\xa1\xe2\xb8Q\xc6\x95\x92\x92a\xd6\x04&amp;\xc1\xd3\xa4\x0c\xc0e\x16Zr\xean\xa0\xb0\x06grjl\x10l&amp;\xd8\xb0@!P\x15\x8e\xedQ\xc5K\xbb\x03\xae]Z\xc1\xd8\x8a;\x0f\x94\xb7&gt;n\xb87\x1br2\\\x05&gt;\x06q,9\x1d\xd5\xa7Rgy:\x9d^Rb\x1d\x1ba*0u\xae\xd3\xe32\x8a\xc7\x0ey\xf7O\x9d\xd7\xbf\x8e2\xd3O|\xf9+\xdf\xf3\x140\'\xa9\xfb\x9d\x01"\xe8\x02#%[\x97{\xf4\x9e\x13tU(\xada\xec,\x85\x82I\x96\xbeX\x1el\x05\xb6\xeb\x01k\xd4\x1c&lt;&gt;\xe1\xe3\xfd#\x8e\xec\x9c\xf7\xed!\xb7{\xe0u\xc0I\x8a\x14j\x08\xc1\x10\xd53\xacGXS\xe4\xe8\xe8\nV\xab\x1e*\xca\xd6h\x8b\x99\x87\xa3\xf8\x98;a\xce\xe1\xd1\x07\x9c4\xfb\\\xdd\xb8\xca\xca\xda\x0e\xbfp\xe3\xe7h\xda\x13&gt;~\xf2.\xfb\'\xf7x\xd0\x9c2j\x0c#\xe9A\xeb\x11\x16P\xd6\xec\xed)\xdf\xbf;AU0\xfd\x12%b{B\xe1\x0c\xa5$\xb4U\xda\xe39\xf3\'\'\x14\xc6\xa0iAJ\x11#\xf9\x04\t\x11\x15(\xcb2\xe31m\xc4\x94\x96\xa2W\xd2\xce#\x93\x83\t\xc6\x08\x14P\xd5\x151z\xca\xaa\xfc\xdc\xd0\xf3\xcaF.\xb2\xc1\xd0\xee\xb2\xc9e\xd6\x06\xcf\xb1\xf9\xecW\xb8\xf5\xb5M^\xb8\xe6\xb8]\xb4\xf4h\x19HK\xc5\x14\xcb\x11\xc6\x1c\x10\xd31"SD\x16\xa0\x9e\x10\x03\xf3y\xc8F~\xe29&gt;n9\x9ex\xa6\x8bH\x1bS\xe7\x89\x15C"\xa4DL\xca\x92\xd4\n)q\xc4\x82\xf9&lt;q\xd4F\x8c\x14\xa4\x18\x98\xab\x125\x9d\x1b9\x92\r\xd9\x803\x99C\x07\xed\x88\xac\x84\xb5\x99f\x1b\x17\x05\x17WK\x9e\xd9\x1ds\xed\xe2\x0815\x1f&gt;\x14\xde\xb8;\xe7\xdd\xfd\x06\xfaCN(\xbb\xfa\xba\xab\xa3\xb5\x03\xde\xce\xec{\xf9\xe9\x96i\xb6\xe6T]\x04L\x91#\xbcv\x00\\\xf4d:\xb2\x00Sv"\x9a\x8e\x9b\xffD\n/\xe7\x95\x81&lt;\xf5\xb7I\x9c;\x85.\xb5?+#8\xff\xfb\n\xae\xac\xb8\xf8|\x9frw\xc2\xd48\xa4\xa3\x1cg\x9a\x18\xd9\x92\x15Sq\xda\x8b\x8c]\xcde\xb7\xca\xfa\xe51\xa6?`\xa5.9i\x17\xbc\x7f\xf4\x98\xf2\x82r\xa1\xe8\x93Zeh\x86\xec\xfbS\x06\x8b\x92\xb2\xeca;$\xdcXCH\x891\x96\x7f\xff\xca+&lt;Z\x1cq\x18O\xf9\xf6\xc1{\x1c\x9f\x1ep\xd8\xcc(\x9e\xbc\xcf\xd5\xf1%v\xd6/rc\xf7\x8b\xdc\xbc\xf8"\xc7\xb3\x8f\xe8\xf5\x0eA&lt;\xec=@\xc7\x8e\xa85\x7f\xf1\xd1\x1d\x1e\x1f\x07\xcc\xc0\xe1\n\x83\x98\x02\xd73\xf8\xc3\x16W\x15\xd4\xe3\x92\xe6\xa0\xc4\x1a%\xce\x13\xa1\xf1h\xcc\xd7%\x86\x80\xf7\x1e\xe7,\x06({=RL\x14\xbd\x82\xa2\xae\x10]\x00B\x0c\x8a\xab\x84\x18CV\xdc\xf8\xcf\xc1\xb8n9\x901\xcel\xb1\xca\x0e\xab\xd5u\xd6o\xfe,\xcf|\xe3\x06\xaf\xde,\xb9Z\x07\xfa\xb4\xd4\xba\xa0d\x82\xe3\x08\'G(\xc7\xa8\xcc\xb2\x91\xd3\x92\x92\'\x86\xc0b\x16\x98N\x03\'\'\x9e\xc9\xa4e\xb6\x084A\x89)\xa1\nF\xa06\x82KJ\xd0H\x8b\x80$T\x84V\x95\x99\xb6,4a\xf0\x98\xa7\xc0\xadl\xe0B!\xe0L\xc2\x89d\xfa\x04\xc1\x88d\xb6Z\x12\x95q\xf4J\xcb\xa5\xf5\x92gw\x07\\\xbc4$\xa5\x9aw\xef+?\xfci\xc3\x8f\x0e\x0e\x98\x84\x8a\xba\xd8\xe1\xd4:\xb0\xf5S\xf4Z\x04m\xba?\xe9@\xeb\xce M\x97\xb2k\x87\xb4w\xe0\x9b\x1bv\x94Z\xea\x0c\xbb\xe3\xe3\xb5\xc8\xef\xb1\xac\xdf\xe5)PnY\x93/\x81?83\xf2e\x9d\xde\xf1\xc1\xdd\x86\x9fz\x19\x12=N\x16=\xaa\xe8\xc1\n\xc7\x8b\x96V\x04gK6\x8a\x9a\x08\\+G\x94\xe2\x98\xa2\xac\x155\xbft\xe9\x16\xeb\xb6G\x19\x85\x7f\xf2\xee\xf7\xf9\xe1\xfe&gt;\x97\xd7f\x84\xd2\xf3LQ\xb0\xd7$\xc6T\xf8\xf9\t\x9b\xd5\x90\x9eqxQLY\x12\x9aH]\x16\\\x1f\xad\xb3\x9bV\xd8*\xc7\xcc\xda\twO\x1e\xf1\xbf=\xfc1\xbb\xfb\x1f\xf2\x95\x83\x1d\x9eY\xbb\xca\x8d\xadgX[}\t\x8aCX&lt;F\x17\xc0H\xb8\xfb\xc4\xf0O?x\xcc\xdea\x8bu\x06S\t\xa66\x19\x84\xab\x0c\xe2r\x16S\x0e\x0b\xda\xb2\xc2\xf6\x14w&lt;\xc4\xa4\x06?o\x11gpb0\xce\xe2\xfau\x8665\xe1g-\xa8\xa17\xaa\xa0\xb0\xcc\'MN\xeb\xa3\xd2.Z\x82\xfa\xcf\r=\xdf8\x05H\x1f\'+\x0c\x8bM\xb6v\xbf\xc9\x8d\xd7^\xe4\xa5[5\x97\xeb\xc4@\x1b*f\xd42\xa5\xe2\x14\xc7\t0%\xd2\x90bC\x8a-!\xb4\xf8\xd6\xd3.\x02\xcd\xdc\x13\x83\xe0\x03\xb4A\t)\x0bW\xb4\xbb\xf1\r\x99\x03\xb7Fq\xaa8\x15\xda\x04V\x1cV\x13s\x12Q3\x0b\x1e\x05D\x85\xc2\x98l\xe4\x80\x93Da\r\xc6$\x1c\x06\xb7L\xb9\x11\xaa\xc2P\x95\xc2\xb5\x8d\x8ag\xae\xf4\xd8\xbe\xd8\'R\xf0\xce]x\xe7n\xe2\xcd\xbd\x13\xf6}\x8b\xb3W9\x1a]\'\x14\x06\xe6\xb1\xe3\xffS\xa6\xd0\xd4w)\xf32\xc2wFn\x1c\xe7Q\xb5{\xdf\x94\xf9\x95:\xa3\x15\xdb9\x05\xd3E\xf0\xa7\xcf\xb3y\xea\xfb\xe5\xd7%x\xa7\x9fx_Xr\xf9\x1d\x17\x7fV\x9f\x1bD\n\xaa\xd1\x08\x86\xf9\xbc\x956\x91\x10\x82\x8f\xd4@\xe8\x90\xe8\xb1\xa9\xd8\x90\x1e\x82a\xdb\xf4x\xb9\x7f\x11+\x05\x83\xb2\xe6?\x7fu\x9d\xbf8\xbd\xc7\xbb\x8b\xbb\xbc?\xdf\'\xa8\xe7v\xb1\x03\x06j\x1c\x11\xa5\xd5Dj\x1b\xc4\xb7\x88\xb1\xc4\x08\x85q\xd4\xd6\xb1M\t\xf5*\xdb\xc31\x1f\x06\xe5\xed\xe3\xf7yc\xb1\xcf\xc3G\xa7|\xf7\xc9{|y\xb4\xc2\xceh\x83\xd5\xd5]\xdc\xd6&amp;\xb8wx\xe3\xfe\x07\xbc\xfe\xd6\t\xa1\x8d\xa8Xl\t\xae4\xa87\xd4\xdb\x05ZF\xfc,\xf3av\xa5\xc0T\x96z\x12\x90\xd0cv&lt;ATi\xa6s\xac3\x14\xbd\x1a\xdf\xb6X)H&gt;\xe1\xe3\x9cv\xa6\x98\xca\x81\n!\x08\xa4HX\xf8\xa5\xec\xeb\xb3\xbe,H\x8fZ\xd6\xb8\xe4\xae\xb2\xb9\xf1\x15.|\xe5+\xdc\xfc\xe2\x90\xcb\x03eDCM\x8b\xd3)\x86SD\x8e\x119%1CuNL\x1e\xef=m\x13h\x1b%\xf8\x0c\x85\x84\xd0\x92R\xcai\xb9\x80\x900D\xacI84\xebP\xc8\xef\x0b\x82s\x96*%\xac\x1aP\xa1Q%v1V\x00\x93:\x84]2\xa5\xe6H\x99\x04\xcbJ\n\x8c\xb1\x181\x0c\x0b\xcb\xe5-\xc7\x0b\xd7*._\xe9\x13d\xc0\xdb?\xb5\xbc\xf5^\xe0\x87\x8f\x8e8\x0e\x0b\x0c\x96~\xef\x06\x87\xf5&amp;\xd2\xa5\xd4j\xaa\\\x0b\xb3\xc8\x11=i\xb6\xabeMn\\&gt;WJG\xb5\xa5sG &amp;\x83v4\xe4[\xaa\x03\xda0\xb9\xf6\x07\xce\x0c\xfdSY\xf89x\xa7\xe7\xdb \x1dN\xf0\xb4\xf1\x9f\xa7\xfdj{\x0cw\x06\xd8-\x8f\xd4\xf9|a\x14l\x8e\x8a\xa7\xb1e\xcdUl\x89\xc3\x19CMA\xcf\x95\x0c\x8b\x1e\xfd\xa2\xc7H*\xb6\xfa+|e\xe7&amp;\xdf;x\xc0?\xfe\xd1\xef\xf3#\x9dP\xf2\x88\xcdE\xc1\xe5\xfa\x12\xb5-\xb0"\xf8\xe0\xc1\x80\x9f\xcf)\xec\x08\x91\x02WV\x0c\xc4\xa0\xb1\xa5h\x17\xfc{\x1bWx\xb7\xd7\xe7\xfd\xf9c~px\x17\xedy\xferr\x07w\x1f\xbe\xb5v\x83_\xb8\xf13\xb4\xed\x06\xff\xe4\xdd\xef\x90\x10\xcaq\x91=\x91\xcb\xf7K\x9cGle\xe8\x8dk&lt;\x9e\x14\x94r\xa7\x07A\xb1\xa3\x82t\xdcP\xd6EV\xc7u\xd7[Rb\xd0\xeb\x11Z\x8fo\xe7\x98\xee\x1fM"hB\xaa\x02\xef\x03uU\xe0\x9b\xc5\xe7\x86\x9e\xd5o=*\xb3\xc6\xb8\x7f\x95\xad\xe7\xbf\xc9\x0b/o\xf2\xe2\xd8\xb0\x8e\xa7\xa2\xa5\xd2\x19\x8e)\x96\x19\x96)0\x05\x9a\xb3T5\x86H\xdb\x06\x1a\x1f\x99\xb7\x91\xf9"\xe1\xdb\xac\x82S5\x9d\xa1F\x8c*\xaa\x82\xc6\xe5\x05\x03\'\x16\xd3\x81T\xd1\x9a\xcc\x93\x03 \x04$\xc769\xaf\xcb\xad\x90\xa3\xbb\x18\n#\xb99\xc6fe\\aaw\xd5\xf2\xea\x8d&gt;\xd7\xaf\xf5\xb0\xfd&gt;?\xb9S\xf0\xf6]\xe5\x8d\'\xa7&lt;\xf13Z\x13\xa9t\x8c\x96\xbb\xc4\xce\x08\xd5\x90%\xaeq\x9a\xe92m\xc9\xb5\xb8\xcb\xc0Z\xea\x88\xba\xb3(\xdfv\xe9\xbb\xe5\xcc8M\x05\xb6\xe8\x0c\xdbv\xff\xa9\x05\x8a\xee\xe7%j\xfeT-\x9eu\xb6\x9c\x1b\xf4R\'\x0fg\x91\xfe\x8cw_\xf6\x1cT\xb8\xde\nnXR\x0e\x12n\x0c\xa6\xca%E\x8c\x81\x99_01\x19\x13\x18I\x89I\xc2\x8a\x08;j8\r-\xab\xfd1e5\xc0:\xa1W\xf5ym\xe32W^\xfbu\x1e\xeb\x84\xfb\xc7w\xf9\xc8\x1fQ6\x07Dm\x18U\x03J[2[LQ1\x84\xe0I\xb1E\x93E\x04\x8a\xb2\xca\xe8E\xb3`\xc7\xf4X\xef\xed\xd0\xcc"\xdfn\x1e\xb0\xd1\xabys\xf2\x84\xbb\x0f\xde\xe4\xfet\x8f5[\xb2w8\xc7\x0c\x0c\xa9U\x88Y\xc2L\x93\xa8\x8c`F\x02M\xc0\t\xc8FI\xf2\x89\x10"\xfdq\xcdl\x9a\xeb\xf2f\xb6 \xc6\x80Uh&amp;3Z\x93ED\xce\x1a\xca\xca\xe0}$zOQ\xd7\x9d\x80)\xa0II1\xe0\xce=\xe6\xd3\xdes\xf9\xf3\xdf\xf6\x95#\x91\x93u.\xf5nr\xf9\xea7\xb8\xf2\xda5n]0l\xdbD\xad-\xa5\xb6\x14\xa6\xa5\xa2\xa12s\xac,H\xda\x02\x9e@ \xe9\x02!\xa0$\x92&amp;b\x80E\x93\x98\xcf"\xbeUBL\xa4\x902b\xae\x92_\x06P!\xe9Rh*\x88d-s\x8d\xe42Y\xcf#\x99\x11(\xd4P\x90\x91\xf4\xc2\x82\x93,\xb2\x10\x93\x1d\x803\x89\xf5^\xc1\xad\x9d\x82\x9b\xbb5k\x9b5\xf7\x0e*\xee\xee9&gt;:\xf0\x1c\x87\x88\xda\x9c\x12;\xd3\xa3\xed\xad\x91\x8cC\xe9\x94mq\xd6\x19p\x97\xba\x9f\x87\xdc\x9c\x8e\x03g)\xfb\xb2\x16\x17\xe5\xbc\x89%7Z \x9d\xb1KW\xa3\xabdgq\xb6\x96\xe0\xde\xd2\x90\xe5|\xff,\xe4\xe5\xec\xd0\xb5\xe3\xf1\xa5\xcb\x0c\xc4b\x8a\x11\xc3\xed1\x83u\xd0\xd6\xe3\x9b\x82\xe8=n\xe00VI\x18\x92i\x99X\xc3\x818\xd6\xaca\xd5\x8e\x18\xda\x9a\xda\x96\xa4\x04\xd6\nU]#F\xe8W\x05\x17\x86#n\x0cw\x98\xad]\xe1/\x8f~\xca\xd1\xc9\x1eOf\x07\xac\xb5\xa7\xdc\x1e_\xc0\x00\x85\xb5\x90\x12\xa1] \x1a)\xc4\x10D %*\xeb\x18\x155\xf7\xe7S\x06\xbd\xc0\xfch\xca\xdb\xde\xd3D\xcb,\xb4\xfcKy\x8c\x9f\xb44\xfb-z\x9c\xd0I\xc2\x98\x84)-b\x0c\xe2\x04\xeb5\xdf#\xa2\x88\x15H\x10\xf7\x03\x18A\xc4blBT\x91\x90\x10\x11J\xe7h[\x0f\x9d&lt;\xd6\xfb\xc4b\xda\xe0\x8c\xd0\xcef\xb8\xb2\xc4\x1a\x83\xc6DJ\t\xf7\xaf\xe17\xfe\x96/\x83\xd0\xa3`\x93\xb5\xe2\x1a[\x1b_d\xf7\x95Wx\xe1\x99\x1e7*a,\x1e\x87\xa72\r\x15\x0b\n\x1a\x8c,P2\xf0\xa6\xa9A\xc3&lt;\x7f\xd5\xae\xf3K\xb3\x17\x0e!\xe1\x93\xd2\x86D\x08\xa9\x03\xe1\x14\xc9\x84\x08\x90\xf9\xcf\x8cMu\xe8\x1c\x80$\x8c\x01\x96[%%,S{\xd1L\xa7\x99\xdc\xf5\xe6l\xc2\x88`\x8ddh\xaa0\xec\xae9\x9e\xbf\xd6c\xe7b\xc5\x9c\x82\x87\x07\x96;{p0M\xd4\xc5\x00\xa3\xc2"-p\xd4\xb4\xb6&gt;?\x15\x1ar\x87\xda\x99\x91/#n\x97\x9e\x7f\xc2\xffw\xb5\xfc\x99\x11/\xa3\xad\xcb(|\xcaz\xbd\\\xaf/\x9bY\x9e\xca\xd7\xd5\x9eGv\x8dO9\x81%\xaa\xdfQp"\x88qYug-\xd8\xdc\x18"\xc5\x80j\xb5\xa6\\\th\t1DR\xb49j\xf5\x1c*\x81\xaa\xcai\xbe\xa0\\\x90\x8a\xeb\xd5\x1aW\xfa\xdb\xf4\xcb\x1e\x83\xaa&amp;\xa4\x80\x8b\x11c\x1dEY\xe6}\xcb\x82\x95\xde\x80o\xf4\xfa\x1c\x0f.\xf2\xc1\xc9#\x0e\xe6\x07\xbcwr\xc8\x86-)\xfd\x9c\xb5\xde\x90\x10\x1c)\xb6HQb\xad\xc3\x18\x93U\x89\x18V\xdd\x90\xca\xd4\x1c\x9f\xcc)\xdd\x02\xad\x85\xb2\x14\x1e\x1f\xcc\xf0\xf7\xe7\xcc\xefFB\x03q\xd6R\xf4:\x01\x8c\x18B\x0b\xbaf1\xbd\xec4\xb5\x97\x101$Ql\x91\x1dA\x9c\'\xacX\x921\x04\xdf\x12}\x9b\xb3\t\x97\xf5\x13\xa1U\x8aBh\xe6\x1ek\x05\xd3%K\xe2,\xc6~\xa6y\xf4\n\'[\x8c\xed\x15.\xf6\x9ec\xfb\xf6W\xb9\xfe\xf2&amp;\xcf\xf5\rkD*Z\n\xf1\x944\x18\x99\xa3:#\xea\x84\xa4\x13\xd0\x191\xcdH)w\xaa\x85\xe4\t!\xe2\xdbH\x8aJJ\xb9=T\xb3\xc3\'D%&amp;%\xa9\x9e\x95\x93\xb0\xb4\xef\xae!E\x96\xe6\x95(:T^\x15\xda\xaeV5\xdd\xf6\xd6HG\xa9\x815`QJ#\xac\r\nn\xec\x94\\\xde\xad\xa8Wj\xee?*\xf8pO\xb8\xbb\xef\x99\xc4\x16\x95N!\x87PS\xd0\xd8\n\xd1\x88j\x80\xb4\xc8b\x99\xd4r^3/\xd3\xea%\xb0\x069\xd5XF\xe4.\x8d_\xae\xa5\xa0\xe3\x8cZ\xcbH0\xcbZ{\t\xd0\xc1S\xef=\xdd\xfc\x92\xb7\xd5N\xcf\'V\xba n(\x06\x15\t\xc5\xcf\x05Q\x8bHB\x8b\x08}\x85\x90\xb0\tBc\xa0/\xf4K\xc7JU\xa3"\x0cm\xc1\xa6\xabY/z\x8c\x8a\x92\xd2\x95\x18\x84\xfep\x88\xa8`\x8a\xec&lt;*\x14c\x0b\xcc\xa0\x0f\n\xabk\x1b|q4\xa2!q2\x9b\xb1\xb7w\x9f;\xa7wP\x16\x0c\\\x1fg\x1c)x\xfa\xfd!V\xb2\xa6A$\x12\xb5a\x95\xc0\xe5M\xcb\x9aT\xbc{r\xca\xca\xb8\xe2\xe1G\x81\xe3\x8f\x1b\xa6w\x16\x14+\x15!\xe6\xcc,\x85\x84\x8c,\xc9\x81?\x0e\xd4bH\xaa\xf8\x06\x8c\xd3\xdcs^\'l\xcf\x12\xe6BTE\\\x81\xc4\x00)"\x9a\x90\x04\x8by\x8b\x95|\x83\xc4\xb8@\xb0\x846\x11B\xc0;\x87\xaa|V\r\xdd"\xd2\xc7\xdauV\xcb\x8b\\\xb8\xf0*\xd7^\xb9\xc6s[\x05\x97\x0c\xd4\xe2\xa9\xd4S\xc8\x1ca\x0e:#\xe9\x14\xd5\t\xb0@\xf1\xe4X\x1b\x11\x95\xacWo\x13\xde\'Z\x1f\xf1&gt;\xd2\x86H\x1b\x12&gt;EB\x8a\xa4e7Y\xd2&lt;@`Y\xf7J\'\x82\x11A\x93!J\x06\xe0\n\x84$9\xc2E\x14#9\x82\x1b\x03\xc6\xe6\x0e4\x9bw\xa7t\x96\x8b+\x05\xd7.\xf5\x19_\x180\xa7\xe4\xc1i\xc5\x07{-\xf7\x8eO\x98\x86\x84\xc7#\xb6\xc5\xa2\xa8\xb5DQ\x92\x062\xd6\xd0\xe1\rg]g\xcb:z\xd9rJ\xfe&gt;-9\xed\xa7\x9c\x81\xe9\xeat\r\x19y\x97\x12\xf0,\x1bc\xe4\x0c-\xd7.\xb5\xef\xdaq$\xd7\xf6\xce\xd6\x8c\xfa\x03\xea\xd5!*\x91\xd9\xec\x84\xb08e\xd6L\x90\xe91\x89)\xcdT\xa0(A\x06\x14[[\x14\xab\x0e)\x16\xa4&amp;S_\xc9&amp;l\xdf\x90\x10fA\xe9u\xe9t!\x8e\x89vjBg)\x9c\xc1:\x8b5\x06ST\xd8\xa2B%;Z\x83\x821\xd8~\x0f\xf1\xb9_\xbfD\xe8\xd7\x03vV\xd7x\xe3\xd1\x1a\xdf\xfd\xf8{\xbc\x18&lt;;\xf5\x88\xd6\xb7@\xa0.{\x88)(\x9d\x81\xf9\x8c^\x9a3\xa8{&lt;iZB2\x1c&lt;Y0\xb9\xdf2}\x9c0\xea\xb0}\xa1\xb6\x0em\x15\xf5\tYD\x8a\x95\x02\xd6m\xe6\xd45\xe5\xae\xdf\xcab\x17\x91V\x84j\xbb\x875\x16\x15\xc1za1\x11\xa4\xcd\xfa\x84f\xd1\x82\xb1\xd8\xb2\xcc\xd7\xcaYD\x05k\x1d\xe2\x12e\xafdm\xa5\xffY5\xf4\x9cr\x1a-\xa8\x8b\x0bl^\xbb\xcd\xb3WG\\\xaf\x0c=\xf1\x14\xb48\xd3\xa2\xb4\xa4\xd4\xe4\xb4VZ\xac\x89@$\xa4&lt;\xf0!&amp;h|\xa4i#\xde+\xcdBi\xe6\x89\xd0$b\xab\x04\x9f\x881\xd3dI\xe8j\xf2\xfc\xb2\x06T\x13\x89&lt;\x18@P\xfc\x196%X\xa3\x14b\xb2\xf1\'\xc5\xa8\xc9h\xbb\x90kD\xe7\xb0\xe4\x9an\xd4\x17v\xb7\n.\xecT\x94\x83\x1e\x8f\x0e\n\x1e\xee\x1b\x1e\x1c\xb6\x9c\xb4s\x1a\x02A\x17\x14d6\xbe\xac*\xd4\xb8\x1cuM\xd7\x82\xba\x9c\x10\xd3\xa5\xee\x82\xcb\xbd\xcd\x9ds:\x07\xd3\x96F\xde5\xb3\xd0\xbd\xa7)#\xf3K\x83\xc7\x00U\xc6\xe4\x92\x82\xe9c\xcau\xec\xca-\x8a\x8b\xb7\xa9vnq\xe1\xc2\x05F\x0e\xb6j\xc7\xb3\xe3\x1976\x8f\xb8\xb8\xb6\xc7\xa2\xbd\xcf\xf7\xef\xbf\xc9\xf7\xbf\xf3!o\xfd\xe9\xc7\x9c\x1c\x9fB\x98\x9241\x94\xc8\xcaf\xc4Y\x0fb\x88\xda`\xd4e\x86\xcf\xd1\x952\xca\x9a\xabhR`\xbd\x1e\xb2U\x8d)\xb0\x10\x12U\xaf\xc4\xd8\x02D0\x92P\x15R\xf2$\x0b\x12\xbal\x02\x83\xb1%*\x19\xec$\x19^\xbbp\x89\xe7V~\x85\x07\x0f?\xe2\xbb\x87\x1fr\xbbr\xcc&amp;-\x17\x87\xd0\xab\x94\xb2p\xf4\xcb\x01\xde\x0fy\xfd\xed}\x06\x0eF\x1b\x15\xa7\xf7&lt;\xa7{\x01\xe3\x94HKs_q\xc3\x88\xeb9\xe6\xa7\r\xb2(pQ\xa9\xab\x02\x1dG\xb0\t\xa2\x81&amp;\x12\x87\x067r\x985\x07\xb50\x1eW\xa4\xd8R\xde\xafP\xf5\xc4&amp;0(\r\x04EC\xc2\x96\x96$\t\rB;_@TJ\'\x9c\xcc\xd3g\xd1\xd0s$Q-\xd1\xa2O\xb5v\x8b\xddg\xaepk\xb5`M"%\x11\xab\x81\xa4-I\x17\x18\x168\x93\xc7\xfa\x88\n\xb1S\x91\xf9hh&lt;\xcc\x16\xd0x\x98/"\xd3yb\xbaP\xe6\x8b\xc4\xa2\x8b\xf0!*\x9a$\x97\xba\xaaX\x91\\\x81\x8b\xe6\xf6R:\xe2H\xb33X\xb2YQ3uf\xc9\xb5\xbc\xe9\x14qY\xfaj1XJ\x9b\x1d\xc2\xf6\xa8\xe4\xca\xc5&gt;\xe3\xad\x01*%\x0f\x8f*&gt;\xf8\xb8\xe5\xfe\xd1\x9cE\xf2D\xcd\xa2\x92\x98BV|\xe1\xbaT\xbaC\xcc\xb5\xedR\xf2\xa7\xa2\xfaY]\xaeYL#\x1d\xb5&amp;\xcb\xfa\xbd\xa3\xb5\x96\xa3\xa0\x96(:\xb6\xe3\xdck$FL\xb1\x8eY\xbb\xc2\xda\xcd/r\xfd\x0b_\xe4\xb9\xaf^\xe3\xd5K\x05/\xf7\x845Q\xa2\x87Y\x9b#\xf1O\xf7\x12\xff\xec\xcd{,\x8e\x0f9\xd9\x8b\x98\'\x81a!\xcclb\xf7\xf6.\x93I\x8f\x95\x9d\x15\xfaU$\xa9\x10[\xcd\x89\x86\r\xc8\xcc\xd0\xdb(\xa9\n\xb8PT\x0cD\xa8\xc5\xb0i\xeb\xecl\x8cP\x96=R\x02\xe7J\xa2\xcd\x02#cMF\xa7m\x81\x8463\x07\xd6\x9c1\x02"\x02\x85C\x8a\x8aA\xdd\xe7\xd6`\xc8\xf6\xec*\x1f\xec?\xc1\x9d&lt;\xe2\xb8\x99\x11\xf1X\xb1\xac\xf4\x86\xac\xfa1\xf1\'s\xb6\xbe\xbeA\xdf\x18\xee\xdd;"\xcd`q\xaa\x18[\xd2\x86\x06\xd7V(\x89\xdeJ\x8d\x19:\xc2Ta(x\x8d\x98h\xba\xea\'gJ\xa6\x14\x12\x16\xb3U\x11W"&lt;\x86\xfa\x96E}E8\xcez\x87\x14"&amp;f\xed{Q\x14L\'s\xea\xa2\x87&amp;E\x1a@\x9a\xcf\xa2\xa1;\x90!\x85\xb9\xc4\x85\xfe\x17\xb8q\xfbK&lt;{s\x95K\x15T\x120)G\xf2%\xe8f\x08XIX\x11\x92\xba\xdc9\x15\x85y\xa3L\xe70[(M\xa3,\xdal\xf0\xadW\x16&gt;w\xa0\x85\x04)IF\xd0U\xb0\x98\xcc\xa7w\xa5j6`\x93e$\n\xda\t_b\xf7\xf3\x12\x93\xb6\x1d\xe8V\xb8\x8enS\xd0\x94HF\x198\xc7\xceZ\xc5\xf6\x85\xdc\xcd\xf4d\xeax\xeb\xa3\xc4\x9bwNy8=b\xaa\xf3\x0c\xe6\xa9\xc3\xda\xdc\xeb\xeec F\x0f\xaeK\xcb\xc3\t\x9f\xa8\xbb\x95\xcc\xe0w\xde\x8a \xca\x00\x00 \x00IDAT*6\xc5.\xc5\x00\x9c\x0f\x93\xf8\xabl\x8dh\xca\xc3\x10\xa4@\x8a5\xdc\xd65\xb6_\xfa\x12_\xfe\xf9\xd7x\xed\xe5u^\xdc\xb6\xf4\x8c \x01l\xa3\xec/\x94\xe3\x16&amp;m7\xc8fl\xf9\xd2\xcf\\\xe6\x8dG\xbf\xce\xef\xfd\xf7\x89\xe9\x0f~\x8c\xa7\xc4Da\xbaw\xcc`e\xc8xs\x00r\x88Z%\xf9\x04\xe2058\x93k\xfe\xa0\x8eSmY\xa3\xa0"c%\te\xd0\xefc\x8b\x9a\xb0\x08$I\x18\xeb\xf2\xf1\xc59q\xf6\x04I\x03\xa4^\xed\xba\xc7\x04\xa5+\xb1\xc8\xb0\x9eA3\n*\x8eQ\xe8\xf1\xf2\xe66\xcd\xa0\xc7\xde\xe1\xc7\xdcY\x1c`cd\xd58\xe6a\xces\xdf\xb8\xc0\xab;\xab\xfc\xc5G{LO\x02\xd1&amp;liH\x1a\xa8\xca\x12\xdft\xce\xd1+\xf8\x0c&gt;\x06o\xb0\xce\x10\x08\xb8\xc2\xe2\x8f\x17P\x16\x14CK:\x8e\xd9\x7f\x06\xc5\xd4B:\x15\x12\tSX\x92\x8fX\xeb\xd0\x18\x89$b\xeb1.\x93iV\x14)`q\xd4~F\r\xdd\xac\xd0\xb7\x97\xb8\xb1\xfd*\xcf\xbcp\x9d[\x9b\x8e\xb1Q\xacF\x8c\xf8.}\xf5\x18I\x14\xd2Ea5$\x15\xda\xa0,Ze\xe1\x956*!Z\x16sa\xb1\xc8F\xde\xfa&lt;\x1f\xce\xa7&lt;\xca)u\x9a8R\xbe\xafLG\xad-\rd\x89\xbe\x8b\xcdY4\xe8\xd2\xd60\xdd\rgDp\x16\xac\xd1\xbc\xad(b\x151\xca\xb0Wra\xbbb\xbc\x99\xdbH\xef=1\xfc\xe8\x83\t\xef&lt;\xde\xe74\x1c\x134 b\xc9\x105\x80\xed\xc6\x0b\xc1\xd9`\xb2\xd8p\x9e\x92\xc3\x99\xd1\x03\xe7\x06\xbd\x9c \xf343\xd3!\xe5\x9a\xebw\xcd.\x05\xfa\x17\x19\xdf|\x85_\xf87\xbf\xcc\xab_\xbb\xcc\xf3\x97\x1c\xab\xa2\xa4\x16&amp;S\xe5\xc1Q\xe4\xcd\xbbs\x1e\xdc;fr\xb8\xcf|v\x9c\x07r\xd8\x82b0$:\xa59\xbd\xc7"\x1cf\xf6\\\x1c\x8b\xe3)F&amp;T}\xa5\x8d\x91\xe43\xb5\x98\xbcb4\x8fm2Q\xe9\x89\xa0I9\xd1\xc8\xba-\x18J\x9f\x98 %\xc5j\xa2\xecU\xddQYT=ivLs\xfa\x90\xc2\xec\xe2F\xae\x9b\xe6\x92\xbaS\x93\x8fWRB5\xe5\x08I\xa6\xbf\x8c-\xb1n\xc4\xe5\xf2*n\xb6\xc2\xf1\xe91\x1f\x9d\xde\xe7\xc3\xf9&gt;\x7f\xef\xd6-|\xd3\xf2`r\x1f\x9cE\xcb\x84.\x14[\x16h\xcc-\xc6\x14\x16\xbf\x08\x94\x944\x8d\xc7\xb4\x19\\s\xb5\xc1F\xc5\x0e\x1dq\x9e\xf2\xf5\x8a\x11\x92\xe4D\xa3v\xf8Y"-r\xf9\'*\x18\'\xe0\x04\x89\x89\xd8F\xd2"a\xca\x9cu\xc5\xe0?\x8b\xa8{\x16\x03\n5\xa3r\xcc\xa5\x1b\xb7y\xee\xf6\x98\xdd\xd2\xe0$b4\x90\xa3x6r\x03y\xa4\x0f\x96\xa8\x86\x90\xa0\xf1\t\xef\x95\x10r\xafXL\xd0\xb4\x86\xc5\x0c\xe6\x0b\xedR\xf6\xec\x04\xda\x98o\x10sf\xee9\xed\x17\x05#Y\xd2jM\x8e\x99J\x17\xb9Qty\x01\xc9M+,\x07?v^\xdab1\xa2\x94\xc6\xb29\xaa\xd8\xd9\x19\xd2\x1b\x0f8mj\xde\xfc\xc8\xf3\x97w\x0ex\xd8\x1c\xe0\xf54\xa7\xa58\xdaX\x11\x0c\xa0\x05Nc\xc6\xf1\x15\x96#\x8c\x00\xce\x9bZ2\r\xa8\x9f\x18\xf0\xb84\xfe\xae\x1e_\xb6\xaa\xa6n\xf2\x0c\n\xa6\x87Y\xbd\xc2\xcdo|\x93\x7f\xf7\x1f&lt;\xc7\x17\xaf\x0e\xa8\xfaB;U\xfe\xe4\xdd\x05\xaf\xff\xf0!\x1f\xff\xf4\x90\x83\xe3\xc0\xfe\xbc\xa19|\x84N&gt;D\x16\xfb@\x1f\xd9\xbc\x89V\x82~\xf0\xdb\xd8\xe3\xb71\xf1\t\xce\xf4\x18:\xcb\x95\xcbk\xf4/\xac`7\x05?\xcd\xe7G*\x8b\x9a\x84[\xd6?A\xe9\x1b\x83A\xf1\x9ax\xa9\xdafk\xb8F\xcf\xf5 u%O\x95\xa7\xb1\xe0,\xd2\xb4|\xfc\xf8#$z.TcHJ\x92.\xda\xc6|\x9cb\xf2d\x1e\x014t\xc3\xb9L\xce\xd0H\xf9:^\xa8\x87\xac\x9b\x82\x91\xb3\xec\xb5\x0f\xf9F\x7f\x97\xff\xea\xe1\x9fs\xf0\xa4\x81"\x07\tYq\xc4\x90kq\x83\x12\x03\x14\xbd\xac\x144\x92G?\xa5E\xce\xa44&amp;\xca\xd2\x90\nEO[\\\x91Qt\x15\xcd\xce\xa64\xf4\xfa5\xed\xbc\xc1\x8d\nt\x96\x83\x03\x8b\x90\x87\x15\x8b\x052x\x1b&amp;JQ\xb9\xcf\x9a\xa1g\x81LeF\\Z\xbf\xc2\xc5[\x97\xb9\xb2\xee\x18\x9a\x84I&gt;\x0f[\xecf\x9fe\xe3K\xdd\xec5!\xa8\xe0c\xa6\xc7\xa4\xab\xe1b\x10Bk\xf2,8/\x84N\r\xd7\xb6\xe0\xbd\x10\x93\xe4\xfa\x1c\xc1\x18\x93g~ui`!\x06k\x14c\x14$\x91bw\xd1\x97\x86f\x0cEGOY\x93E3Y\x15\'\x1d \'\xd4\xb6\xe0\xc2z\xcd\xfa\xd6\x88 =&gt;zX\xf0\xa3w\xe7\xbc\xb3\xbfG\x9bN\xbb\xcc$\xab\xd8\x92t*=\x95&lt;\x93LS\x87\xfc\xa7sPM\xc8F\x9ck\x83\xcc\x03\n\x08r\x06\x12\x9e\ro|\xca\xee\xf3r\xb8\xd1u\xbe\xf4\xef\xfc*\xff\xf0\xd7.\xb3\xb6c\xe8U\x91\xb7\xde\x88\xfc\xd7\xff\xe8\r\xa6w\xef\xd2\x9c|Lr\x06\xa5\x0f\x14\xd0&lt;F\x9a\x13\xa87\xb9\xf9o\xfc\n\xdf\xfc\xd9g\xf8\xado\x7f\xc8\xf4\xcf\xff\x1b\x12\x0f@[4\xcd\xa8{\xab\xe0\x0cO\xee\xb4\xac_i\x91\xca#&amp;\x91JCU\x97h\r6)\xa5\x15\x1a\r\x14\xa6\xe2Y;\x06g\x18ZG\xbf\xeceVC\x04k\xb2\x18A\n\xcb\xc7\x8f'... (set the log level to DEBUG or TRACE to see the full content) 
 </msg>
<msg timestamp="20230127 18:03:56.992" level="INFO">POST Response : url=https://rocklov-api-gama.fly.dev/equipos 
 status=200, reason=OK 
 headers={'x-powered-by': 'Express', 'access-control-allow-origin': '*', 'content-type': 'application/json; charset=utf-8', 'content-encoding': 'gzip', 'etag': 'W/"11a-LLZ9Achn1Uh0qLVq4OOc5uOj8x0"', 'date': 'Fri, 27 Jan 2023 21:03:56 GMT', 'connection': 'keep-alive', 'keep-alive': 'timeout=5', 'transfer-encoding': 'chunked', 'server': 'Fly/d0c3ef57 (2023-01-26)', 'via': '1.1 fly.io', 'fly-request-id': '01GQTGPJJBCESAXGTC2MVWG13R-gru'} 
 body={"_id":"63d43c3cccf31e021bc08458","user":"63d1ac6fccf31e021bc08418","thumbnail":"thumbnail-1674853436027","name":"Fender Strato","category":"Cordas","price":100,"__v":0,"thumbnail_url":"https://rocklov-api-gama.fly.dev/files/thumbnail-1674853436027","id":"63d43c3cccf31e021bc08458"} 
 </msg>
<msg timestamp="20230127 18:03:56.992" level="INFO">${response} = &lt;Response [200]&gt;</msg>
<status status="PASS" starttime="20230127 18:03:56.804" endtime="20230127 18:03:56.992"/>
</kw>
<msg timestamp="20230127 18:03:56.992" level="INFO">${response} = &lt;Response [200]&gt;</msg>
<status status="PASS" starttime="20230127 18:03:56.784" endtime="20230127 18:03:56.992"/>
</kw>
<kw name="Status Should Be" library="RequestsLibrary">
<arg>200</arg>
<arg>${response}</arg>
<doc>Fails if response status code is different than the expected.</doc>
<status status="PASS" starttime="20230127 18:03:56.992" endtime="20230127 18:03:56.992"/>
</kw>
<status status="PASS" starttime="20230127 18:03:56.492" endtime="20230127 18:03:56.993"/>
</test>
<doc>Add Equipos Tests - Suits</doc>
<status status="PASS" starttime="20230127 18:03:56.062" endtime="20230127 18:03:56.994"/>
</suite>
<statistics>
<total>
<stat pass="1" fail="0" skip="0">All Tests</stat>
</total>
<tag>
</tag>
<suite>
<stat pass="1" fail="0" skip="0" id="s1" name="AddEquiposTests">AddEquiposTests</stat>
</suite>
</statistics>
<errors>
</errors>
</robot>
