<?xml version="1.0" encoding="UTF-8"?>
<robot generator="Robot 5.0.1 (Python 3.10.7 on win32)" generated="20230112 20:41:54.787" rpa="false" schemaversion="3">
<suite id="s1" name="SignupTests" source="C:\Rocklov\backend\tests\SignupTests.robot">
<test id="s1-t1" name="Add New User" line="10">
<kw name="Get Json" library="Helpers">
<var>&amp;{payload}</var>
<arg>signup</arg>
<arg>new_user.json</arg>
<kw name="Get File" library="OperatingSystem">
<var>${fixture}</var>
<arg>${EXECDIR}/resources/fixtures/${route}/${file_name}</arg>
<doc>Returns the contents of a specified file.</doc>
<msg timestamp="20230112 20:41:55.138" level="INFO" html="true">Getting file '&lt;a href="file://C:\Rocklov\backend\resources\fixtures\signup\new_user.json"&gt;C:\Rocklov\backend\resources\fixtures\signup\new_user.json&lt;/a&gt;'.</msg>
<msg timestamp="20230112 20:41:55.138" level="INFO">${fixture} = {
	"name": "Tony Stark",
	"email": "teste@gmail.com",
	"password": "pwd123"
}</msg>
<status status="PASS" starttime="20230112 20:41:55.137" endtime="20230112 20:41:55.138"/>
</kw>
<kw name="Evaluate" library="BuiltIn">
<var>${json}</var>
<arg>json.loads($fixture)</arg>
<arg>json</arg>
<doc>Evaluates the given expression in Python and returns the result.</doc>
<msg timestamp="20230112 20:41:55.141" level="INFO">${json} = {'name': 'Tony Stark', 'email': 'teste@gmail.com', 'password': 'pwd123'}</msg>
<status status="PASS" starttime="20230112 20:41:55.138" endtime="20230112 20:41:55.141"/>
</kw>
<msg timestamp="20230112 20:41:55.142" level="INFO">&amp;{payload} = { name=Tony Stark | email=teste@gmail.com | password=pwd123 }</msg>
<status status="PASS" starttime="20230112 20:41:55.137" endtime="20230112 20:41:55.142"/>
</kw>
<kw name="POST User" library="Signup">
<var>${response}</var>
<arg>${payload}</arg>
<kw name="POST" library="RequestsLibrary">
<var>${response}</var>
<arg>${base_url}/signup</arg>
<arg>json=${payload}</arg>
<arg>expected_status=any</arg>
<doc>Sends a POST request.</doc>
<msg timestamp="20230112 20:41:55.250" level="INFO">POST Request : url=https://rocklov-api-gama.fly.dev/signup 
 path_url=/signup 
 headers={'User-Agent': 'python-requests/2.28.1', 'Accept-Encoding': 'gzip, deflate', 'Accept': '*/*', 'Connection': 'keep-alive', 'Content-Length': '72', 'Content-Type': 'application/json'} 
 body=b'{"name": "Tony Stark", "email": "teste@gmail.com", "password": "pwd123"}' 
 </msg>
<msg timestamp="20230112 20:41:55.250" level="INFO">POST Response : url=https://rocklov-api-gama.fly.dev/signup 
 status=200, reason=OK 
 headers={'x-powered-by': 'Express', 'access-control-allow-origin': '*', 'content-type': 'application/json; charset=utf-8', 'content-encoding': 'gzip', 'etag': 'W/"86-MUDYGBiwQr1QYGpxFA3lFU/PuEY"', 'date': 'Thu, 12 Jan 2023 23:41:55 GMT', 'connection': 'keep-alive', 'keep-alive': 'timeout=5', 'transfer-encoding': 'chunked', 'server': 'Fly/e78c172f (2023-01-10)', 'via': '1.1 fly.io', 'fly-request-id': '01GPM5S2FWYN5X7VQRXNJHN7N0-gru'} 
 body={"_id":"63c09ac3ccf31e021bc083d9","name":"Tony Stark","email":"teste@gmail.com","password":"45cb41b32dcfb917ccd8614f1536d6da","__v":0} 
 </msg>
<msg timestamp="20230112 20:41:55.250" level="INFO">${response} = &lt;Response [200]&gt;</msg>
<status status="PASS" starttime="20230112 20:41:55.142" endtime="20230112 20:41:55.250"/>
</kw>
<msg timestamp="20230112 20:41:55.252" level="INFO">${response} = &lt;Response [200]&gt;</msg>
<status status="PASS" starttime="20230112 20:41:55.142" endtime="20230112 20:41:55.252"/>
</kw>
<kw name="Status Should Be" library="RequestsLibrary">
<arg>200</arg>
<arg>${response}</arg>
<doc>Fails if response status code is different than the expected.</doc>
<status status="PASS" starttime="20230112 20:41:55.252" endtime="20230112 20:41:55.252"/>
</kw>
<kw name="Remove User By Email" library="mongo">
<arg>${payload['email']}</arg>
<status status="PASS" starttime="20230112 20:41:55.253" endtime="20230112 20:41:55.395"/>
</kw>
<status status="PASS" starttime="20230112 20:41:55.136" endtime="20230112 20:41:55.396"/>
</test>
<doc>Signup tests</doc>
<status status="PASS" starttime="20230112 20:41:54.788" endtime="20230112 20:41:55.398"/>
</suite>
<statistics>
<total>
<stat pass="1" fail="0" skip="0">All Tests</stat>
</total>
<tag>
</tag>
<suite>
<stat pass="1" fail="0" skip="0" id="s1" name="SignupTests">SignupTests</stat>
</suite>
</statistics>
<errors>
</errors>
</robot>
